chat/build/intermediates/manifest_merge_blame_file/debug/manifest-merger-blame-debug-report.txt
1<?xml version="1.0" encoding="utf-8"?>
2<manifest xmlns:android="http://schemas.android.com/apk/res/android"
3    package="com.example.chat"
4    android:versionCode="1"
5    android:versionName="1.0" >
6
7    <uses-sdk
8        android:minSdkVersion="21"
8-->src\main\AndroidManifest.xml
9        android:targetSdkVersion="32" />
9-->src\main\AndroidManifest.xml
10
11    <uses-permission android:name="android.permission.INTERNET" />
11-->src\main\AndroidManifest.xml:4:5-67
11-->src\main\AndroidManifest.xml:4:22-64
12
13    <application
13-->src\main\AndroidManifest.xml:6:5-47:19
14        android:allowBackup="true"
14-->src\main\AndroidManifest.xml:7:9-35
15        android:appComponentFactory="androidx.core.app.CoreComponentFactory"
15-->[androidx.core:core:1.7.0] AndroidManifest.xml:24:18-86
16        android:debuggable="true"
17        android:icon="@mipmap/ic_launcher"
17-->src\main\AndroidManifest.xml:8:9-43
18        android:label="@string/app_name"
18-->src\main\AndroidManifest.xml:9:9-41
19        android:roundIcon="@mipmap/ic_launcher_round"
19-->src\main\AndroidManifest.xml:10:9-54
20        android:supportsRtl="true"
20-->src\main\AndroidManifest.xml:11:9-35
21        android:theme="@style/Theme.MyJavaDemo" >
21-->src\main\AndroidManifest.xml:12:9-48
22        <activity
22-->src\main\AndroidManifest.xml:13:9-19:20
23            android:name="com.example.chat.friends.AddFriendsActivity"
23-->src\main\AndroidManifest.xml:14:13-55
24            android:exported="false" >
24-->src\main\AndroidManifest.xml:15:13-37
25            <meta-data
25-->src\main\AndroidManifest.xml:16:13-18:36
26                android:name="android.app.lib_name"
26-->src\main\AndroidManifest.xml:17:17-52
27                android:value="" />
27-->src\main\AndroidManifest.xml:18:17-33
28        </activity>
29        <activity
29-->src\main\AndroidManifest.xml:20:9-26:20
30            android:name="com.example.chat.chat.ChatActivity"
30-->src\main\AndroidManifest.xml:21:13-46
31            android:exported="false" >
31-->src\main\AndroidManifest.xml:22:13-37
32            <meta-data
32-->src\main\AndroidManifest.xml:16:13-18:36
33                android:name="android.app.lib_name"
33-->src\main\AndroidManifest.xml:17:17-52
34                android:value="" />
34-->src\main\AndroidManifest.xml:18:17-33
35        </activity>
36        <activity
36-->src\main\AndroidManifest.xml:27:9-33:20
37            android:name="com.example.chat.HomeActivity"
37-->src\main\AndroidManifest.xml:28:13-41
38            android:exported="false" >
38-->src\main\AndroidManifest.xml:29:13-37
39            <meta-data
39-->src\main\AndroidManifest.xml:16:13-18:36
40                android:name="android.app.lib_name"
40-->src\main\AndroidManifest.xml:17:17-52
41                android:value="" />
41-->src\main\AndroidManifest.xml:18:17-33
42        </activity>
43        <activity
43-->src\main\AndroidManifest.xml:34:9-46:20
44            android:name="com.example.chat.mian.MainActivity"
44-->src\main\AndroidManifest.xml:35:13-46
45            android:exported="true" >
45-->src\main\AndroidManifest.xml:36:13-36
46            <intent-filter>
46-->src\main\AndroidManifest.xml:37:13-41:29
47                <action android:name="android.intent.action.MAIN" />
47-->src\main\AndroidManifest.xml:38:17-69
47-->src\main\AndroidManifest.xml:38:25-66
48
49                <category android:name="android.intent.category.LAUNCHER" />
49-->src\main\AndroidManifest.xml:40:17-77
49-->src\main\AndroidManifest.xml:40:27-74
50            </intent-filter>
51
52            <meta-data
52-->src\main\AndroidManifest.xml:16:13-18:36
53                android:name="android.app.lib_name"
53-->src\main\AndroidManifest.xml:17:17-52
54                android:value="" />
54-->src\main\AndroidManifest.xml:18:17-33
55        </activity>
56
57        <provider
57-->[androidx.emoji2:emoji2:1.0.0] AndroidManifest.xml:26:9-34:20
58            android:name="androidx.startup.InitializationProvider"
58-->[androidx.emoji2:emoji2:1.0.0] AndroidManifest.xml:27:13-67
59            android:authorities="com.example.chat.androidx-startup"
59-->[androidx.emoji2:emoji2:1.0.0] AndroidManifest.xml:28:13-68
60            android:exported="false" >
60-->[androidx.emoji2:emoji2:1.0.0] AndroidManifest.xml:29:13-37
61            <meta-data
61-->[androidx.emoji2:emoji2:1.0.0] AndroidManifest.xml:31:13-33:52
62                android:name="androidx.emoji2.text.EmojiCompatInitializer"
62-->[androidx.emoji2:emoji2:1.0.0] AndroidManifest.xml:32:17-75
63                android:value="androidx.startup" />
63-->[androidx.emoji2:emoji2:1.0.0] AndroidManifest.xml:33:17-49
64            <meta-data
64-->[androidx.lifecycle:lifecycle-process:2.4.0] AndroidManifest.xml:31:13-33:52
65                android:name="androidx.lifecycle.ProcessLifecycleInitializer"
65-->[androidx.lifecycle:lifecycle-process:2.4.0] AndroidManifest.xml:32:17-78
66                android:value="androidx.startup" />
66-->[androidx.lifecycle:lifecycle-process:2.4.0] AndroidManifest.xml:33:17-49
67        </provider>
68    </application>
69
70</manifest>